<?xml version="1.0" encoding="UTF-8"?>
<testng-results skipped="0" failed="0" ignored="0" total="1" passed="1">
  <reporter-output>
  </reporter-output>
  <suite name="Default suite" duration-ms="37795" started-at="2020-04-14T16:58:56Z" finished-at="2020-04-14T16:59:33Z">
    <groups>
    </groups>
    <test name="Default test" duration-ms="37795" started-at="2020-04-14T16:58:56Z" finished-at="2020-04-14T16:59:33Z">
      <class name="testcases.TestCase1">
        <test-method status="PASS" signature="womenCoatAndJackets()[pri:0, instance:testcases.TestCase1@204f30ec]" name="womenCoatAndJackets" duration-ms="37726" started-at="2020-04-14T16:58:56Z" finished-at="2020-04-14T16:59:33Z">
          <reporter-output>
          </reporter-output>
        </test-method> <!-- womenCoatAndJackets -->
      </class> <!-- testcases.TestCase1 -->
    </test> <!-- Default test -->
  </suite> <!-- Default suite -->
</testng-results>
